# JRE version: OpenJDK Runtime Environment (17.0.7) (build 17.0.7+0-b2043.56-10550314)
# Java VM: OpenJDK 64-Bit Server VM (17.0.7+0-b2043.56-10550314, mixed mode, tiered, compressed oops, compressed class ptrs, g1 gc, windows-amd64)
GC Precious Log:
 CPUs: 8 total, 8 available
 Memory: 7967M
 Large Page Support: Disabled
 NUMA Support: Disabled
 Compressed Oops: Enabled (Zero based)
 Heap Region Size: 2M
 Heap Min Capacity: 8M
 Heap Initial Capacity: 126M
 Heap Max Capacity: 4G
 Pre-touch: Disabled
 Parallel Workers: 8
 Concurrent Workers: 2
 Concurrent Refinement Workers: 8
 Periodic GC: Disabled
Heap:
 garbage-first heap   total 843776K, used 237199K [0x0000000700000000, 0x0000000800000000)
  region size 2048K, 9 young (18432K), 9 survivors (18432K)
 Metaspace       used 161998K, committed 163648K, reserved 1245184K
  class space    used 21322K, committed 22080K, reserved 1048576K
GC Heap History (20 events):
Event: 294.537 GC heap after
{Heap after GC invocations=108 (full 0):
 garbage-first heap   total 669696K, used 442331K [0x0000000700000000, 0x0000000800000000)
  region size 2048K, 5 young (10240K), 5 survivors (10240K)
 Metaspace       used 157764K, committed 159040K, reserved 1245184K
  class space    used 20819K, committed 21440K, reserved 1048576K
}
Event: 294.572 GC heap before
{Heap before GC invocations=108 (full 0):
 garbage-first heap   total 669696K, used 522203K [0x0000000700000000, 0x0000000800000000)
  region size 2048K, 6 young (12288K), 5 survivors (10240K)
 Metaspace       used 157764K, committed 159040K, reserved 1245184K
  class space    used 20819K, committed 21440K, reserved 1048576K
}
Event: 294.580 GC heap after
{Heap after GC invocations=109 (full 0):
 garbage-first heap   total 669696K, used 521616K [0x0000000700000000, 0x0000000800000000)
  region size 2048K, 4 young (8192K), 4 survivors (8192K)
 Metaspace       used 157764K, committed 159040K, reserved 1245184K
  class space    used 20819K, committed 21440K, reserved 1048576K
}
Event: 313.537 GC heap before
{Heap before GC invocations=110 (full 0):
 garbage-first heap   total 843776K, used 632208K [0x0000000700000000, 0x0000000800000000)
  region size 2048K, 36 young (73728K), 4 survivors (8192K)
 Metaspace       used 158566K, committed 159808K, reserved 1245184K
  class space    used 20964K, committed 21568K, reserved 1048576K
}
Event: 313.552 GC heap after
{Heap after GC invocations=111 (full 0):
 garbage-first heap   total 843776K, used 331452K [0x0000000700000000, 0x0000000800000000)
  region size 2048K, 3 young (6144K), 3 survivors (6144K)
 Metaspace       used 158566K, committed 159808K, reserved 1245184K
  class space    used 20964K, committed 21568K, reserved 1048576K
}
Event: 314.480 GC heap before
{Heap before GC invocations=111 (full 0):
 garbage-first heap   total 843776K, used 366268K [0x0000000700000000, 0x0000000800000000)
  region size 2048K, 20 young (40960K), 3 survivors (6144K)
 Metaspace       used 158827K, committed 160064K, reserved 1245184K
  class space    used 20974K, committed 21568K, reserved 1048576K
}
Event: 314.517 GC heap after
{Heap after GC invocations=112 (full 0):
 garbage-first heap   total 843776K, used 258484K [0x0000000700000000, 0x0000000800000000)
  region size 2048K, 3 young (6144K), 3 survivors (6144K)
 Metaspace       used 158827K, committed 160064K, reserved 1245184K
  class space    used 20974K, committed 21568K, reserved 1048576K
}
Event: 338.132 GC heap before
{Heap before GC invocations=112 (full 0):
 garbage-first heap   total 843776K, used 438708K [0x0000000700000000, 0x0000000800000000)
  region size 2048K, 92 young (188416K), 3 survivors (6144K)
 Metaspace       used 159638K, committed 161088K, reserved 1245184K
  class space    used 21060K, committed 21760K, reserved 1048576K
}
Event: 338.175 GC heap after
{Heap after GC invocations=113 (full 0):
 garbage-first heap   total 843776K, used 282273K [0x0000000700000000, 0x0000000800000000)
  region size 2048K, 15 young (30720K), 15 survivors (30720K)
 Metaspace       used 159638K, committed 161088K, reserved 1245184K
  class space    used 21060K, committed 21760K, reserved 1048576K
}
Event: 1238.393 GC heap before
{Heap before GC invocations=114 (full 0):
 garbage-first heap   total 843776K, used 769697K [0x0000000700000000, 0x0000000800000000)
  region size 2048K, 164 young (335872K), 15 survivors (30720K)
 Metaspace       used 161269K, committed 162880K, reserved 1245184K
  class space    used 21275K, committed 22016K, reserved 1048576K
}
Event: 1238.662 GC heap after
{Heap after GC invocations=115 (full 0):
 garbage-first heap   total 843776K, used 258984K [0x0000000700000000, 0x0000000800000000)
  region size 2048K, 17 young (34816K), 17 survivors (34816K)
 Metaspace       used 161269K, committed 162880K, reserved 1245184K
  class space    used 21275K, committed 22016K, reserved 1048576K
}
Event: 1242.065 GC heap before
{Heap before GC invocations=115 (full 0):
 garbage-first heap   total 843776K, used 263080K [0x0000000700000000, 0x0000000800000000)
  region size 2048K, 20 young (40960K), 17 survivors (34816K)
 Metaspace       used 161295K, committed 162880K, reserved 1245184K
  class space    used 21279K, committed 22016K, reserved 1048576K
}
Event: 1242.185 GC heap after
{Heap after GC invocations=116 (full 0):
 garbage-first heap   total 843776K, used 207924K [0x0000000700000000, 0x0000000800000000)
  region size 2048K, 3 young (6144K), 3 survivors (6144K)
 Metaspace       used 161295K, committed 162880K, reserved 1245184K
  class space    used 21279K, committed 22016K, reserved 1048576K
}
Event: 1244.176 GC heap before
{Heap before GC invocations=116 (full 0):
 garbage-first heap   total 843776K, used 246836K [0x0000000700000000, 0x0000000800000000)
  region size 2048K, 24 young (49152K), 3 survivors (6144K)
 Metaspace       used 161747K, committed 163456K, reserved 1245184K
  class space    used 21285K, committed 22080K, reserved 1048576K
}
Event: 1244.203 GC heap after
{Heap after GC invocations=117 (full 0):
 garbage-first heap   total 843776K, used 204065K [0x0000000700000000, 0x0000000800000000)
  region size 2048K, 1 young (2048K), 1 survivors (2048K)
 Metaspace       used 161747K, committed 163456K, reserved 1245184K
  class space    used 21285K, committed 22080K, reserved 1048576K
}
Event: 1264.840 GC heap before
{Heap before GC invocations=118 (full 0):
 garbage-first heap   total 843776K, used 800033K [0x0000000700000000, 0x0000000800000000)
  region size 2048K, 211 young (432128K), 1 survivors (2048K)
 Metaspace       used 161993K, committed 163648K, reserved 1245184K
  class space    used 21322K, committed 22080K, reserved 1048576K
}
Event: 1264.959 GC heap after
{Heap after GC invocations=119 (full 0):
 garbage-first heap   total 843776K, used 251637K [0x0000000700000000, 0x0000000800000000)
  region size 2048K, 19 young (38912K), 19 survivors (38912K)
 Metaspace       used 161993K, committed 163648K, reserved 1245184K
  class space    used 21322K, committed 22080K, reserved 1048576K
}
Event: 1264.972 GC heap before
{Heap before GC invocations=119 (full 0):
 garbage-first heap   total 843776K, used 253685K [0x0000000700000000, 0x0000000800000000)
  region size 2048K, 20 young (40960K), 19 survivors (38912K)
 Metaspace       used 161993K, committed 163648K, reserved 1245184K
  class space    used 21322K, committed 22080K, reserved 1048576K
}
Event: 1265.105 GC heap after
{Heap after GC invocations=120 (full 0):
 garbage-first heap   total 843776K, used 223855K [0x0000000700000000, 0x0000000800000000)
  region size 2048K, 3 young (6144K), 3 survivors (6144K)
 Metaspace       used 161993K, committed 163648K, reserved 1245184K
  class space    used 21322K, committed 22080K, reserved 1048576K
}
Event: 1266.373 GC heap before
{Heap before GC invocations=120 (full 0):
 garbage-first heap   total 843776K, used 320111K [0x0000000700000000, 0x0000000800000000)
  region size 2048K, 52 young (106496K), 3 survivors (6144K)
 Metaspace       used 161998K, committed 163648K, reserved 1245184K
  class space    used 21322K, committed 22080K, reserved 1048576K
}

